[debug] [2026-01-02T02:25:35.376Z] ----------------------------------------------------------------------
[debug] [2026-01-02T02:25:35.382Z] Command:       C:\New folder\nodejs\node.exe C:\Users\edrin\AppData\Roaming\npm\node_modules\firebase-tools\lib\bin\firebase.js init
[debug] [2026-01-02T02:25:35.382Z] CLI Version:   14.20.0
[debug] [2026-01-02T02:25:35.383Z] Platform:      win32
[debug] [2026-01-02T02:25:35.383Z] Node Version:  v22.16.0
[debug] [2026-01-02T02:25:35.384Z] Time:          Fri Jan 02 2026 05:25:35 GMT+0300 (East Africa Time)
[debug] [2026-01-02T02:25:35.384Z] ----------------------------------------------------------------------
[debug] 
[info] 
     ######## #### ########  ######## ########     ###     ######  ########
     ##        ##  ##     ## ##       ##     ##  ##   ##  ##       ##
     ######    ##  ########  ######   ########  #########  ######  ######
     ##        ##  ##    ##  ##       ##     ## ##     ##       ## ##
     ##       #### ##     ## ######## ########  ##     ##  ######  ########

You're about to initialize a Firebase project in this directory:

  E:\SPA\spa_gym_mgt_sys

Before we get started, keep in mind:

  * You are initializing within an existing Firebase project directory

[info] 
=== Project Setup
[info] 
[info] First, let's associate this project directory with a Firebase project.
[info] You can create multiple project aliases by running firebase use --add, 
[info] 
[debug] [2026-01-02T02:25:49.272Z] > command requires scopes: ["email","openid","https://www.googleapis.com/auth/cloudplatformprojects.readonly","https://www.googleapis.com/auth/firebase","https://www.googleapis.com/auth/cloud-platform"]
[debug] [2026-01-02T02:25:49.272Z] > authorizing via signed-in user (alphacortexai@gmail.com)
[debug] [2026-01-02T02:25:49.274Z] Checked if tokens are valid: true, expires at: 1767324209694
[debug] [2026-01-02T02:25:49.275Z] Checked if tokens are valid: true, expires at: 1767324209694
[debug] [2026-01-02T02:25:49.276Z] >>> [apiv2][query] GET https://firebase.googleapis.com/v1beta1/projects pageSize=100
[debug] [2026-01-02T02:25:50.217Z] <<< [apiv2][status] GET https://firebase.googleapis.com/v1beta1/projects 200
[debug] [2026-01-02T02:25:50.217Z] <<< [apiv2][body] GET https://firebase.googleapis.com/v1beta1/projects [omitted]
[info] 
=== Functions Setup
[debug] [2026-01-02T02:26:05.365Z] > command requires scopes: ["email","openid","https://www.googleapis.com/auth/cloudplatformprojects.readonly","https://www.googleapis.com/auth/firebase","https://www.googleapis.com/auth/cloud-platform"]
[debug] [2026-01-02T02:26:05.365Z] > authorizing via signed-in user (alphacortexai@gmail.com)
[debug] [2026-01-02T02:26:05.366Z] [iam] checking project clientmgtsystem for permissions ["firebase.projects.get"]
[debug] [2026-01-02T02:26:05.366Z] Checked if tokens are valid: true, expires at: 1767324209694
[debug] [2026-01-02T02:26:05.366Z] Checked if tokens are valid: true, expires at: 1767324209694
[debug] [2026-01-02T02:26:05.367Z] >>> [apiv2][query] POST https://cloudresourcemanager.googleapis.com/v1/projects/clientmgtsystem:testIamPermissions [none]
[debug] [2026-01-02T02:26:05.367Z] >>> [apiv2][(partial)header] POST https://cloudresourcemanager.googleapis.com/v1/projects/clientmgtsystem:testIamPermissions x-goog-quota-user=projects/clientmgtsystem
[debug] [2026-01-02T02:26:05.367Z] >>> [apiv2][body] POST https://cloudresourcemanager.googleapis.com/v1/projects/clientmgtsystem:testIamPermissions {"permissions":["firebase.projects.get"]}
[debug] [2026-01-02T02:26:07.564Z] <<< [apiv2][status] POST https://cloudresourcemanager.googleapis.com/v1/projects/clientmgtsystem:testIamPermissions 200
[debug] [2026-01-02T02:26:07.565Z] <<< [apiv2][body] POST https://cloudresourcemanager.googleapis.com/v1/projects/clientmgtsystem:testIamPermissions {"permissions":["firebase.projects.get"]}
[debug] [2026-01-02T02:26:07.567Z] Checked if tokens are valid: true, expires at: 1767324209694
[debug] [2026-01-02T02:26:07.567Z] Checked if tokens are valid: true, expires at: 1767324209694
[debug] [2026-01-02T02:26:07.568Z] Checked if tokens are valid: true, expires at: 1767324209694
[debug] [2026-01-02T02:26:07.569Z] Checked if tokens are valid: true, expires at: 1767324209694
[debug] [2026-01-02T02:26:07.569Z] >>> [apiv2][query] GET https://serviceusage.googleapis.com/v1/projects/clientmgtsystem/services/cloudfunctions.googleapis.com [none]
[debug] [2026-01-02T02:26:07.569Z] >>> [apiv2][(partial)header] GET https://serviceusage.googleapis.com/v1/projects/clientmgtsystem/services/cloudfunctions.googleapis.com x-goog-quota-user=projects/clientmgtsystem
[debug] [2026-01-02T02:26:07.572Z] >>> [apiv2][query] GET https://serviceusage.googleapis.com/v1/projects/clientmgtsystem/services/runtimeconfig.googleapis.com [none]
[debug] [2026-01-02T02:26:07.572Z] >>> [apiv2][(partial)header] GET https://serviceusage.googleapis.com/v1/projects/clientmgtsystem/services/runtimeconfig.googleapis.com x-goog-quota-user=projects/clientmgtsystem
[debug] [2026-01-02T02:26:09.528Z] <<< [apiv2][status] GET https://serviceusage.googleapis.com/v1/projects/clientmgtsystem/services/runtimeconfig.googleapis.com 200
[debug] [2026-01-02T02:26:09.528Z] <<< [apiv2][body] GET https://serviceusage.googleapis.com/v1/projects/clientmgtsystem/services/runtimeconfig.googleapis.com [omitted]
[debug] [2026-01-02T02:26:09.542Z] <<< [apiv2][status] GET https://serviceusage.googleapis.com/v1/projects/clientmgtsystem/services/cloudfunctions.googleapis.com 200
[debug] [2026-01-02T02:26:09.542Z] <<< [apiv2][body] GET https://serviceusage.googleapis.com/v1/projects/clientmgtsystem/services/cloudfunctions.googleapis.com [omitted]
[info] 
Detected existing codebase(s): default

[info] Let's create a new codebase for your functions.
[info] A directory corresponding to the codebase will be created in your project
[info] with sample code pre-configured.

[info] See https://firebase.google.com/docs/functions/organize-functions for
[info] more information on organizing your functions using codebases.

[info] Functions can be deployed with firebase deploy.

[error] Invalid codebase name. Codebase must be less than 64 characters and can contain only lowercase letters, numeric characters, underscores, and dashes.
[error] Invalid codebase name. Codebase must be less than 64 characters and can contain only lowercase letters, numeric characters, underscores, and dashes.
[debug] [2026-01-02T02:28:49.881Z] ExitPromptError: User force closed the prompt with SIGINT
    at Interface.sigint (C:\Users\edrin\AppData\Roaming\npm\node_modules\firebase-tools\node_modules\@inquirer\core\dist\commonjs\lib\create-prompt.js:101:37)
    at Interface.emit (node:events:518:28)
    at Interface.emit (node:domain:489:12)
    at [_ttyWrite] [as _ttyWrite] (node:internal/readline/interface:1128:18)
    at ReadStream.onkeypress (node:internal/readline/interface:267:20)
    at ReadStream.emit (node:events:530:35)
    at ReadStream.emit (node:domain:489:12)
    at emitKeys (node:internal/readline/utils:370:14)
    at emitKeys.next (<anonymous>)
    at ReadStream.onData (node:internal/readline/emitKeypressEvents:64:36)
[error] 
[error] Error: An unexpected error has occurred.
